/var/spool/slurmd/job34330428/slurm_script: line 13: export: `=/users/9/chen7751/miniconda3/envs/5527:/users/9/chen7751/miniconda3/envs/5527/bin:/users/9/chen7751/miniconda3/condabin:/users/9/chen7751/.vscode-server/cli/servers/Stable-33fc5a94a3f99ebe7087e8fe79fbe1d37a251016/server/bin/remote-cli:/opt/msi/bin:/usr/share/Modules/bin:/usr/local/bin:/usr/bin:/usr/local/sbin:/usr/sbin:/opt/puppetlabs/bin:/users/9/chen7751/.vscode-server/extensions/ms-python.debugpy-2025.6.0-linux-x64/bundled/scripts/noConfigScripts': not a valid identifier
09:44:18  Using device cuda
09:44:18  Loading content dataset (bert)
/users/9/chen7751/collaborative-deep-learning-main/cdl/data.py:27: FutureWarning: You are using `torch.load` with `weights_only=False` (the current default value), which uses the default pickle module implicitly. It is possible to construct malicious pickle data which will execute arbitrary code during unpickling (See https://github.com/pytorch/pytorch/blob/main/SECURITY.md#untrusted-models for more details). In a future release, the default value for `weights_only` will be flipped to `True`. This limits the functions that could be executed during unpickling. Arbitrary objects will no longer be allowed to be loaded via this mode unless they are explicitly allowlisted by the user via `torch.serialization.add_safe_globals`. We recommend you start setting `weights_only=True` for any use case where you don't have full control of the loaded file. Please open an issue on GitHub for any issues related to this experimental feature.
  x = torch.load(f'data/processed/{dataset_name}/content-{embedding}.pt', map_location=device)
09:44:19  Loading ratings datasets
/users/9/chen7751/collaborative-deep-learning-main/cdl/data.py:36: FutureWarning: You are using `torch.load` with `weights_only=False` (the current default value), which uses the default pickle module implicitly. It is possible to construct malicious pickle data which will execute arbitrary code during unpickling (See https://github.com/pytorch/pytorch/blob/main/SECURITY.md#untrusted-models for more details). In a future release, the default value for `weights_only` will be flipped to `True`. This limits the functions that could be executed during unpickling. Arbitrary objects will no longer be allowed to be loaded via this mode unless they are explicitly allowlisted by the user via `torch.serialization.add_safe_globals`. We recommend you start setting `weights_only=True` for any use case where you don't have full control of the loaded file. Please open an issue on GitHub for any issues related to this experimental feature.
  return torch.load(f'data/processed/{dataset_name}/cf-train-1.pt')
/users/9/chen7751/collaborative-deep-learning-main/cdl/data.py:40: FutureWarning: You are using `torch.load` with `weights_only=False` (the current default value), which uses the default pickle module implicitly. It is possible to construct malicious pickle data which will execute arbitrary code during unpickling (See https://github.com/pytorch/pytorch/blob/main/SECURITY.md#untrusted-models for more details). In a future release, the default value for `weights_only` will be flipped to `True`. This limits the functions that could be executed during unpickling. Arbitrary objects will no longer be allowed to be loaded via this mode unless they are explicitly allowlisted by the user via `torch.serialization.add_safe_globals`. We recommend you start setting `weights_only=True` for any use case where you don't have full control of the loaded file. Please open an issue on GitHub for any issues related to this experimental feature.
  return torch.load(f'data/processed/{dataset_name}/cf-test-1.pt')
09:44:19  Using autoencoder architecture 768x200x50
09:44:19  Config: {'conf_a': 1.0, 'conf_b': 0.01, 'lambda_u': 13.9, 'lambda_v': 25.0, 'lambda_w': 0.0001, 'lambda_n': 45000.0, 'dropout': 0.1, 'corruption': 0.3}
09:44:23  Pretraining SDAE with mse loss
09:44:23  Training autoencoder 1/2
09:44:23  Starting epoch 1/100
09:44:23    loss: 0.632638  [    0/13584]
09:44:24    loss: 0.162769  [12800/13584]
09:44:24  Starting epoch 2/100
09:44:24    loss: 0.149310  [    0/13584]
09:44:24    loss: 0.114269  [12800/13584]
09:44:24  Starting epoch 3/100
09:44:24    loss: 0.106481  [    0/13584]
09:44:25    loss: 0.092212  [12800/13584]
09:44:25  Starting epoch 4/100
09:44:25    loss: 0.087160  [    0/13584]
09:44:25    loss: 0.083020  [12800/13584]
09:44:25  Starting epoch 5/100
09:44:25    loss: 0.077485  [    0/13584]
09:44:26    loss: 0.077058  [12800/13584]
09:44:26  Starting epoch 6/100
09:44:26    loss: 0.073382  [    0/13584]
09:44:26    loss: 0.073015  [12800/13584]
09:44:27  Starting epoch 7/100
09:44:27    loss: 0.069560  [    0/13584]
09:44:27    loss: 0.070017  [12800/13584]
09:44:27  Starting epoch 8/100
09:44:27    loss: 0.066348  [    0/13584]
09:44:28    loss: 0.066877  [12800/13584]
09:44:28  Starting epoch 9/100
09:44:28    loss: 0.064166  [    0/13584]
09:44:28    loss: 0.066258  [12800/13584]
09:44:28  Starting epoch 10/100
09:44:28    loss: 0.062852  [    0/13584]
09:44:29    loss: 0.065237  [12800/13584]
09:44:29  Starting epoch 11/100
09:44:29    loss: 0.061571  [    0/13584]
09:44:29    loss: 0.063613  [12800/13584]
09:44:29  Starting epoch 12/100
09:44:29    loss: 0.060444  [    0/13584]
09:44:30    loss: 0.063472  [12800/13584]
09:44:30  Starting epoch 13/100
09:44:30    loss: 0.060762  [    0/13584]
09:44:30    loss: 0.062638  [12800/13584]
09:44:30  Starting epoch 14/100
09:44:30    loss: 0.058148  [    0/13584]
09:44:31    loss: 0.062222  [12800/13584]
09:44:31  Starting epoch 15/100
09:44:31    loss: 0.057963  [    0/13584]
09:44:31    loss: 0.061930  [12800/13584]
09:44:31  Starting epoch 16/100
09:44:31    loss: 0.058320  [    0/13584]
09:44:32    loss: 0.060187  [12800/13584]
09:44:32  Starting epoch 17/100
09:44:32    loss: 0.057808  [    0/13584]
09:44:32    loss: 0.059475  [12800/13584]
09:44:32  Starting epoch 18/100
09:44:32    loss: 0.057495  [    0/13584]
09:44:33    loss: 0.060862  [12800/13584]
09:44:33  Starting epoch 19/100
09:44:33    loss: 0.057401  [    0/13584]
09:44:33    loss: 0.059147  [12800/13584]
09:44:33  Starting epoch 20/100
09:44:33    loss: 0.056237  [    0/13584]
09:44:34    loss: 0.060019  [12800/13584]
09:44:34  Starting epoch 21/100
09:44:34    loss: 0.056939  [    0/13584]
09:44:34    loss: 0.058618  [12800/13584]
09:44:34  Starting epoch 22/100
09:44:34    loss: 0.056125  [    0/13584]
09:44:35    loss: 0.059924  [12800/13584]
09:44:35  Starting epoch 23/100
09:44:35    loss: 0.056066  [    0/13584]
09:44:35    loss: 0.058449  [12800/13584]
09:44:35  Starting epoch 24/100
09:44:35    loss: 0.055811  [    0/13584]
09:44:36    loss: 0.058786  [12800/13584]
09:44:36  Starting epoch 25/100
09:44:36    loss: 0.055784  [    0/13584]
09:44:36    loss: 0.058756  [12800/13584]
09:44:36  Starting epoch 26/100
09:44:37    loss: 0.055343  [    0/13584]
09:44:37    loss: 0.057193  [12800/13584]
09:44:37  Starting epoch 27/100
09:44:37    loss: 0.055344  [    0/13584]
09:44:38    loss: 0.057393  [12800/13584]
09:44:38  Starting epoch 28/100
09:44:38    loss: 0.056753  [    0/13584]
09:44:38    loss: 0.058306  [12800/13584]
09:44:38  Starting epoch 29/100
09:44:38    loss: 0.054646  [    0/13584]
09:44:39    loss: 0.057783  [12800/13584]
09:44:39  Starting epoch 30/100
09:44:39    loss: 0.055731  [    0/13584]
09:44:39    loss: 0.056468  [12800/13584]
09:44:39  Starting epoch 31/100
09:44:39    loss: 0.055127  [    0/13584]
09:44:40    loss: 0.057341  [12800/13584]
09:44:40  Starting epoch 32/100
09:44:40    loss: 0.055312  [    0/13584]
09:44:40    loss: 0.056975  [12800/13584]
09:44:40  Starting epoch 33/100
09:44:40    loss: 0.055425  [    0/13584]
09:44:41    loss: 0.057201  [12800/13584]
09:44:41  Starting epoch 34/100
09:44:41    loss: 0.055427  [    0/13584]
09:44:41    loss: 0.056535  [12800/13584]
09:44:41  Starting epoch 35/100
09:44:41    loss: 0.054874  [    0/13584]
09:44:42    loss: 0.056580  [12800/13584]
09:44:42  Starting epoch 36/100
09:44:42    loss: 0.053010  [    0/13584]
09:44:42    loss: 0.057731  [12800/13584]
09:44:42  Starting epoch 37/100
09:44:42    loss: 0.053596  [    0/13584]
09:44:43    loss: 0.057053  [12800/13584]
09:44:43  Starting epoch 38/100
09:44:43    loss: 0.054339  [    0/13584]
09:44:43    loss: 0.056105  [12800/13584]
09:44:43  Starting epoch 39/100
09:44:43    loss: 0.054065  [    0/13584]
09:44:44    loss: 0.057175  [12800/13584]
09:44:44  Starting epoch 40/100
09:44:44    loss: 0.054134  [    0/13584]
09:44:44    loss: 0.056361  [12800/13584]
09:44:44  Starting epoch 41/100
09:44:44    loss: 0.054490  [    0/13584]
09:44:45    loss: 0.056483  [12800/13584]
09:44:45  Starting epoch 42/100
09:44:45    loss: 0.053161  [    0/13584]
09:44:45    loss: 0.056368  [12800/13584]
09:44:45  Starting epoch 43/100
09:44:45    loss: 0.053376  [    0/13584]
09:44:46    loss: 0.056538  [12800/13584]
09:44:46  Starting epoch 44/100
09:44:46    loss: 0.055114  [    0/13584]
09:44:47    loss: 0.056959  [12800/13584]
09:44:47  Starting epoch 45/100
09:44:47    loss: 0.053653  [    0/13584]
09:44:47    loss: 0.057222  [12800/13584]
09:44:47  Starting epoch 46/100
09:44:47    loss: 0.053109  [    0/13584]
09:44:48    loss: 0.056020  [12800/13584]
09:44:48  Starting epoch 47/100
09:44:48    loss: 0.054566  [    0/13584]
09:44:48    loss: 0.055182  [12800/13584]
09:44:48  Starting epoch 48/100
09:44:48    loss: 0.053902  [    0/13584]
09:44:49    loss: 0.054790  [12800/13584]
09:44:49  Starting epoch 49/100
09:44:49    loss: 0.053869  [    0/13584]
09:44:49    loss: 0.056248  [12800/13584]
09:44:49  Starting epoch 50/100
09:44:49    loss: 0.053553  [    0/13584]
09:44:50    loss: 0.055443  [12800/13584]
09:44:50  Starting epoch 51/100
09:44:50    loss: 0.053669  [    0/13584]
09:44:50    loss: 0.055363  [12800/13584]
09:44:50  Starting epoch 52/100
09:44:50    loss: 0.054126  [    0/13584]
09:44:51    loss: 0.055074  [12800/13584]
09:44:51  Starting epoch 53/100
09:44:51    loss: 0.053519  [    0/13584]
09:44:51    loss: 0.055862  [12800/13584]
09:44:51  Starting epoch 54/100
09:44:51    loss: 0.053170  [    0/13584]
09:44:52    loss: 0.056019  [12800/13584]
09:44:52  Starting epoch 55/100
09:44:52    loss: 0.054352  [    0/13584]
09:44:52    loss: 0.055828  [12800/13584]
09:44:52  Starting epoch 56/100
09:44:52    loss: 0.052759  [    0/13584]
09:44:53    loss: 0.056323  [12800/13584]
09:44:53  Starting epoch 57/100
09:44:53    loss: 0.053636  [    0/13584]
09:44:53    loss: 0.055972  [12800/13584]
09:44:53  Starting epoch 58/100
09:44:53    loss: 0.052868  [    0/13584]
09:44:54    loss: 0.055853  [12800/13584]
09:44:54  Starting epoch 59/100
09:44:54    loss: 0.053797  [    0/13584]
09:44:54    loss: 0.055878  [12800/13584]
09:44:55  Starting epoch 60/100
09:44:55    loss: 0.052074  [    0/13584]
09:44:55    loss: 0.055302  [12800/13584]
09:44:55  Starting epoch 61/100
09:44:55    loss: 0.053739  [    0/13584]
09:44:56    loss: 0.054851  [12800/13584]
09:44:56  Starting epoch 62/100
09:44:56    loss: 0.052359  [    0/13584]
09:44:56    loss: 0.054824  [12800/13584]
09:44:56  Starting epoch 63/100
09:44:56    loss: 0.053195  [    0/13584]
09:44:57    loss: 0.054053  [12800/13584]
09:44:57  Starting epoch 64/100
09:44:57    loss: 0.052780  [    0/13584]
09:44:57    loss: 0.055082  [12800/13584]
09:44:57  Starting epoch 65/100
09:44:57    loss: 0.052309  [    0/13584]
09:44:58    loss: 0.054148  [12800/13584]
09:44:58  Starting epoch 66/100
09:44:58    loss: 0.052714  [    0/13584]
09:44:58    loss: 0.055122  [12800/13584]
09:44:58  Starting epoch 67/100
09:44:58    loss: 0.053241  [    0/13584]
09:44:59    loss: 0.053886  [12800/13584]
09:44:59  Starting epoch 68/100
09:44:59    loss: 0.052820  [    0/13584]
09:44:59    loss: 0.056265  [12800/13584]
09:44:59  Starting epoch 69/100
09:44:59    loss: 0.052188  [    0/13584]
09:45:00    loss: 0.055541  [12800/13584]
09:45:00  Starting epoch 70/100
09:45:00    loss: 0.052915  [    0/13584]
09:45:00    loss: 0.053912  [12800/13584]
09:45:00  Starting epoch 71/100
09:45:00    loss: 0.052665  [    0/13584]
09:45:01    loss: 0.054396  [12800/13584]
09:45:01  Starting epoch 72/100
09:45:01    loss: 0.052779  [    0/13584]
09:45:01    loss: 0.055103  [12800/13584]
09:45:01  Starting epoch 73/100
09:45:01    loss: 0.052739  [    0/13584]
09:45:02    loss: 0.056433  [12800/13584]
09:45:02  Starting epoch 74/100
09:45:02    loss: 0.051622  [    0/13584]
09:45:02    loss: 0.054662  [12800/13584]
09:45:02  Starting epoch 75/100
09:45:02    loss: 0.052268  [    0/13584]
09:45:03    loss: 0.055649  [12800/13584]
09:45:03  Starting epoch 76/100
09:45:03    loss: 0.051782  [    0/13584]
09:45:03    loss: 0.054558  [12800/13584]
09:45:03  Starting epoch 77/100
09:45:03    loss: 0.051307  [    0/13584]
09:45:04    loss: 0.054236  [12800/13584]
09:45:04  Starting epoch 78/100
09:45:04    loss: 0.052549  [    0/13584]
09:45:04    loss: 0.054869  [12800/13584]
09:45:04  Starting epoch 79/100
09:45:04    loss: 0.051814  [    0/13584]
09:45:05    loss: 0.054892  [12800/13584]
09:45:05  Starting epoch 80/100
09:45:05    loss: 0.051904  [    0/13584]
09:45:06    loss: 0.053684  [12800/13584]
09:45:06  Starting epoch 81/100
09:45:06    loss: 0.051978  [    0/13584]
09:45:06    loss: 0.056887  [12800/13584]
09:45:06  Starting epoch 82/100
09:45:06    loss: 0.054388  [    0/13584]
09:45:07    loss: 0.053880  [12800/13584]
09:45:07  Starting epoch 83/100
09:45:07    loss: 0.051422  [    0/13584]
09:45:07    loss: 0.054007  [12800/13584]
09:45:07  Starting epoch 84/100
09:45:07    loss: 0.052264  [    0/13584]
09:45:08    loss: 0.055085  [12800/13584]
09:45:08  Starting epoch 85/100
09:45:08    loss: 0.052388  [    0/13584]
09:45:08    loss: 0.054170  [12800/13584]
09:45:08  Starting epoch 86/100
09:45:08    loss: 0.051412  [    0/13584]
09:45:09    loss: 0.053916  [12800/13584]
09:45:09  Starting epoch 87/100
09:45:09    loss: 0.052759  [    0/13584]
09:45:09    loss: 0.054218  [12800/13584]
09:45:09  Starting epoch 88/100
09:45:09    loss: 0.051410  [    0/13584]
09:45:10    loss: 0.053916  [12800/13584]
09:45:10  Starting epoch 89/100
09:45:10    loss: 0.053655  [    0/13584]
09:45:10    loss: 0.055154  [12800/13584]
09:45:10  Starting epoch 90/100
09:45:10    loss: 0.050922  [    0/13584]
09:45:11    loss: 0.054438  [12800/13584]
09:45:11  Starting epoch 91/100
09:45:11    loss: 0.052014  [    0/13584]
09:45:11    loss: 0.053909  [12800/13584]
09:45:11  Starting epoch 92/100
09:45:11    loss: 0.052054  [    0/13584]
09:45:12    loss: 0.053320  [12800/13584]
09:45:12  Starting epoch 93/100
09:45:12    loss: 0.051551  [    0/13584]
09:45:12    loss: 0.053462  [12800/13584]
09:45:12  Starting epoch 94/100
09:45:12    loss: 0.050758  [    0/13584]
09:45:13    loss: 0.053479  [12800/13584]
09:45:13  Starting epoch 95/100
09:45:13    loss: 0.052179  [    0/13584]
09:45:13    loss: 0.053495  [12800/13584]
09:45:13  Starting epoch 96/100
09:45:13    loss: 0.051067  [    0/13584]
09:45:14    loss: 0.053517  [12800/13584]
09:45:14  Starting epoch 97/100
09:45:14    loss: 0.050851  [    0/13584]
09:45:14    loss: 0.054395  [12800/13584]
09:45:14  Starting epoch 98/100
09:45:14    loss: 0.051765  [    0/13584]
09:45:15    loss: 0.053516  [12800/13584]
09:45:15  Starting epoch 99/100
09:45:15    loss: 0.052559  [    0/13584]
09:45:15    loss: 0.053849  [12800/13584]
09:45:16  Starting epoch 100/100
09:45:16    loss: 0.051029  [    0/13584]
09:45:16    loss: 0.053899  [12800/13584]
09:45:16  Training autoencoder 2/2
09:45:16  Starting epoch 1/100
09:45:16    loss: 0.159644  [    0/13584]
09:45:17    loss: 0.079835  [12800/13584]
09:45:17  Starting epoch 2/100
09:45:17    loss: 0.075880  [    0/13584]
09:45:17    loss: 0.070566  [12800/13584]
09:45:17  Starting epoch 3/100
09:45:17    loss: 0.067370  [    0/13584]
09:45:17    loss: 0.063468  [12800/13584]
09:45:17  Starting epoch 4/100
09:45:17    loss: 0.060947  [    0/13584]
09:45:18    loss: 0.058568  [12800/13584]
09:45:18  Starting epoch 5/100
09:45:18    loss: 0.055470  [    0/13584]
09:45:18    loss: 0.055466  [12800/13584]
09:45:18  Starting epoch 6/100
09:45:18    loss: 0.052941  [    0/13584]
09:45:19    loss: 0.053426  [12800/13584]
09:45:19  Starting epoch 7/100
09:45:19    loss: 0.051048  [    0/13584]
09:45:19    loss: 0.051682  [12800/13584]
09:45:19  Starting epoch 8/100
09:45:19    loss: 0.049355  [    0/13584]
09:45:20    loss: 0.050836  [12800/13584]
09:45:20  Starting epoch 9/100
09:45:20    loss: 0.048949  [    0/13584]
09:45:20    loss: 0.050048  [12800/13584]
09:45:20  Starting epoch 10/100
09:45:20    loss: 0.048036  [    0/13584]
09:45:21    loss: 0.049097  [12800/13584]
09:45:21  Starting epoch 11/100
09:45:21    loss: 0.046936  [    0/13584]
09:45:21    loss: 0.049034  [12800/13584]
09:45:21  Starting epoch 12/100
09:45:21    loss: 0.047347  [    0/13584]
09:45:21    loss: 0.047636  [12800/13584]
09:45:22  Starting epoch 13/100
09:45:22    loss: 0.047578  [    0/13584]
09:45:22    loss: 0.049146  [12800/13584]
09:45:22  Starting epoch 14/100
09:45:22    loss: 0.046119  [    0/13584]
09:45:22    loss: 0.047939  [12800/13584]
09:45:22  Starting epoch 15/100
09:45:22    loss: 0.047395  [    0/13584]
09:45:23    loss: 0.048086  [12800/13584]
09:45:23  Starting epoch 16/100
09:45:23    loss: 0.045492  [    0/13584]
09:45:23    loss: 0.047900  [12800/13584]
09:45:23  Starting epoch 17/100
09:45:23    loss: 0.045385  [    0/13584]
09:45:24    loss: 0.047647  [12800/13584]
09:45:24  Starting epoch 18/100
09:45:24    loss: 0.044800  [    0/13584]
09:45:24    loss: 0.046973  [12800/13584]
09:45:24  Starting epoch 19/100
09:45:24    loss: 0.045292  [    0/13584]
09:45:25    loss: 0.047455  [12800/13584]
09:45:25  Starting epoch 20/100
09:45:25    loss: 0.045323  [    0/13584]
09:45:25    loss: 0.046965  [12800/13584]
09:45:25  Starting epoch 21/100
09:45:25    loss: 0.045293  [    0/13584]
09:45:26    loss: 0.047094  [12800/13584]
09:45:26  Starting epoch 22/100
09:45:26    loss: 0.044773  [    0/13584]
09:45:26    loss: 0.047277  [12800/13584]
09:45:26  Starting epoch 23/100
09:45:26    loss: 0.044706  [    0/13584]
09:45:26    loss: 0.047087  [12800/13584]
09:45:26  Starting epoch 24/100
09:45:26    loss: 0.045233  [    0/13584]
09:45:27    loss: 0.046503  [12800/13584]
09:45:27  Starting epoch 25/100
09:45:27    loss: 0.045362  [    0/13584]
09:45:27    loss: 0.047385  [12800/13584]
09:45:27  Starting epoch 26/100
09:45:27    loss: 0.043873  [    0/13584]
09:45:28    loss: 0.046927  [12800/13584]
09:45:28  Starting epoch 27/100
09:45:28    loss: 0.044544  [    0/13584]
09:45:28    loss: 0.047149  [12800/13584]
09:45:28  Starting epoch 28/100
09:45:28    loss: 0.044894  [    0/13584]
09:45:29    loss: 0.046670  [12800/13584]
09:45:29  Starting epoch 29/100
09:45:29    loss: 0.043947  [    0/13584]
09:45:29    loss: 0.047025  [12800/13584]
09:45:29  Starting epoch 30/100
09:45:29    loss: 0.044729  [    0/13584]
09:45:30    loss: 0.047178  [12800/13584]
09:45:30  Starting epoch 31/100
09:45:30    loss: 0.044427  [    0/13584]
09:45:30    loss: 0.047035  [12800/13584]
09:45:30  Starting epoch 32/100
09:45:30    loss: 0.044483  [    0/13584]
09:45:31    loss: 0.046532  [12800/13584]
09:45:31  Starting epoch 33/100
09:45:31    loss: 0.044559  [    0/13584]
09:45:31    loss: 0.047198  [12800/13584]
09:45:31  Starting epoch 34/100
09:45:31    loss: 0.044174  [    0/13584]
09:45:31    loss: 0.046874  [12800/13584]
09:45:31  Starting epoch 35/100
09:45:31    loss: 0.044159  [    0/13584]
09:45:32    loss: 0.046664  [12800/13584]
09:45:32  Starting epoch 36/100
09:45:32    loss: 0.045475  [    0/13584]
09:45:32    loss: 0.046541  [12800/13584]
09:45:32  Starting epoch 37/100
09:45:32    loss: 0.045221  [    0/13584]
09:45:33    loss: 0.047355  [12800/13584]
09:45:33  Starting epoch 38/100
09:45:33    loss: 0.045304  [    0/13584]
09:45:33    loss: 0.046407  [12800/13584]
09:45:33  Starting epoch 39/100
09:45:33    loss: 0.043895  [    0/13584]
09:45:34    loss: 0.046849  [12800/13584]
09:45:34  Starting epoch 40/100
09:45:34    loss: 0.044219  [    0/13584]
09:45:34    loss: 0.046299  [12800/13584]
09:45:34  Starting epoch 41/100
09:45:34    loss: 0.043215  [    0/13584]
09:45:35    loss: 0.045468  [12800/13584]
09:45:35  Starting epoch 42/100
09:45:35    loss: 0.043539  [    0/13584]
09:45:35    loss: 0.046588  [12800/13584]
09:45:35  Starting epoch 43/100
09:45:35    loss: 0.045159  [    0/13584]
09:45:36    loss: 0.045836  [12800/13584]
09:45:36  Starting epoch 44/100
09:45:36    loss: 0.044384  [    0/13584]
09:45:36    loss: 0.046603  [12800/13584]
09:45:36  Starting epoch 45/100
09:45:36    loss: 0.043258  [    0/13584]
09:45:36    loss: 0.045375  [12800/13584]
09:45:36  Starting epoch 46/100
09:45:36    loss: 0.044995  [    0/13584]
09:45:37    loss: 0.046782  [12800/13584]
09:45:37  Starting epoch 47/100
09:45:37    loss: 0.044180  [    0/13584]
09:45:37    loss: 0.046168  [12800/13584]
09:45:37  Starting epoch 48/100
09:45:37    loss: 0.044869  [    0/13584]
09:45:38    loss: 0.046014  [12800/13584]
09:45:38  Starting epoch 49/100
09:45:38    loss: 0.044052  [    0/13584]
09:45:38    loss: 0.046762  [12800/13584]
09:45:38  Starting epoch 50/100
09:45:38    loss: 0.044193  [    0/13584]
09:45:39    loss: 0.046237  [12800/13584]
09:45:39  Starting epoch 51/100
09:45:39    loss: 0.043484  [    0/13584]
09:45:39    loss: 0.046152  [12800/13584]
09:45:39  Starting epoch 52/100
09:45:39    loss: 0.044476  [    0/13584]
09:45:40    loss: 0.046128  [12800/13584]
09:45:40  Starting epoch 53/100
09:45:40    loss: 0.044112  [    0/13584]
09:45:40    loss: 0.045667  [12800/13584]
09:45:40  Starting epoch 54/100
09:45:40    loss: 0.044345  [    0/13584]
09:45:41    loss: 0.046283  [12800/13584]
09:45:41  Starting epoch 55/100
09:45:41    loss: 0.043135  [    0/13584]
09:45:41    loss: 0.046203  [12800/13584]
09:45:41  Starting epoch 56/100
09:45:41    loss: 0.043603  [    0/13584]
09:45:41    loss: 0.045830  [12800/13584]
09:45:41  Starting epoch 57/100
09:45:41    loss: 0.043761  [    0/13584]
09:45:42    loss: 0.047761  [12800/13584]
09:45:42  Starting epoch 58/100
09:45:42    loss: 0.043478  [    0/13584]
09:45:42    loss: 0.046306  [12800/13584]
09:45:42  Starting epoch 59/100
09:45:42    loss: 0.044159  [    0/13584]
09:45:43    loss: 0.045967  [12800/13584]
09:45:43  Starting epoch 60/100
09:45:43    loss: 0.044892  [    0/13584]
09:45:43    loss: 0.045340  [12800/13584]
09:45:43  Starting epoch 61/100
09:45:43    loss: 0.043865  [    0/13584]
09:45:44    loss: 0.045315  [12800/13584]
09:45:44  Starting epoch 62/100
09:45:44    loss: 0.043683  [    0/13584]
09:45:44    loss: 0.046846  [12800/13584]
09:45:44  Starting epoch 63/100
09:45:44    loss: 0.044081  [    0/13584]
09:45:45    loss: 0.045459  [12800/13584]
09:45:45  Starting epoch 64/100
09:45:45    loss: 0.043812  [    0/13584]
09:45:45    loss: 0.045623  [12800/13584]
09:45:45  Starting epoch 65/100
09:45:45    loss: 0.043791  [    0/13584]
09:45:45    loss: 0.045553  [12800/13584]
09:45:46  Starting epoch 66/100
09:45:46    loss: 0.043696  [    0/13584]
09:45:46    loss: 0.046015  [12800/13584]
09:45:46  Starting epoch 67/100
09:45:46    loss: 0.043945  [    0/13584]
09:45:46    loss: 0.045801  [12800/13584]
09:45:46  Starting epoch 68/100
09:45:46    loss: 0.043223  [    0/13584]
09:45:47    loss: 0.044517  [12800/13584]
09:45:47  Starting epoch 69/100
09:45:47    loss: 0.043646  [    0/13584]
09:45:47    loss: 0.044788  [12800/13584]
09:45:47  Starting epoch 70/100
09:45:47    loss: 0.043795  [    0/13584]
09:45:48    loss: 0.045689  [12800/13584]
09:45:48  Starting epoch 71/100
09:45:48    loss: 0.043536  [    0/13584]
09:45:48    loss: 0.046207  [12800/13584]
09:45:48  Starting epoch 72/100
09:45:48    loss: 0.043650  [    0/13584]
09:45:49    loss: 0.045894  [12800/13584]
09:45:49  Starting epoch 73/100
09:45:49    loss: 0.043464  [    0/13584]
09:45:49    loss: 0.045094  [12800/13584]
09:45:49  Starting epoch 74/100
09:45:49    loss: 0.043356  [    0/13584]
09:45:50    loss: 0.045147  [12800/13584]
09:45:50  Starting epoch 75/100
09:45:50    loss: 0.043258  [    0/13584]
09:45:50    loss: 0.045380  [12800/13584]
09:45:50  Starting epoch 76/100
09:45:50    loss: 0.043048  [    0/13584]
09:45:50    loss: 0.045495  [12800/13584]
09:45:50  Starting epoch 77/100
09:45:50    loss: 0.042369  [    0/13584]
09:45:51    loss: 0.045889  [12800/13584]
09:45:51  Starting epoch 78/100
09:45:51    loss: 0.043958  [    0/13584]
09:45:51    loss: 0.045930  [12800/13584]
09:45:51  Starting epoch 79/100
09:45:51    loss: 0.043848  [    0/13584]
09:45:52    loss: 0.046227  [12800/13584]
09:45:52  Starting epoch 80/100
09:45:52    loss: 0.044367  [    0/13584]
09:45:52    loss: 0.045862  [12800/13584]
09:45:52  Starting epoch 81/100
09:45:52    loss: 0.044060  [    0/13584]
09:45:53    loss: 0.046162  [12800/13584]
09:45:53  Starting epoch 82/100
09:45:53    loss: 0.043241  [    0/13584]
09:45:53    loss: 0.045552  [12800/13584]
09:45:53  Starting epoch 83/100
09:45:53    loss: 0.043623  [    0/13584]
09:45:54    loss: 0.045700  [12800/13584]
09:45:54  Starting epoch 84/100
09:45:54    loss: 0.043558  [    0/13584]
09:45:54    loss: 0.043919  [12800/13584]
09:45:54  Starting epoch 85/100
09:45:54    loss: 0.043231  [    0/13584]
09:45:55    loss: 0.046157  [12800/13584]
09:45:55  Starting epoch 86/100
09:45:55    loss: 0.043363  [    0/13584]
09:45:55    loss: 0.046302  [12800/13584]
09:45:55  Starting epoch 87/100
09:45:55    loss: 0.042802  [    0/13584]
09:45:55    loss: 0.044865  [12800/13584]
09:45:55  Starting epoch 88/100
09:45:55    loss: 0.042951  [    0/13584]
09:45:56    loss: 0.045956  [12800/13584]
09:45:56  Starting epoch 89/100
09:45:56    loss: 0.043700  [    0/13584]
09:45:56    loss: 0.046660  [12800/13584]
09:45:56  Starting epoch 90/100
09:45:56    loss: 0.044199  [    0/13584]
09:45:57    loss: 0.044708  [12800/13584]
09:45:57  Starting epoch 91/100
09:45:57    loss: 0.044188  [    0/13584]
09:45:57    loss: 0.046162  [12800/13584]
09:45:57  Starting epoch 92/100
09:45:57    loss: 0.043189  [    0/13584]
09:45:58    loss: 0.045258  [12800/13584]
09:45:58  Starting epoch 93/100
09:45:58    loss: 0.043846  [    0/13584]
09:45:58    loss: 0.044053  [12800/13584]
09:45:58  Starting epoch 94/100
09:45:58    loss: 0.042853  [    0/13584]
09:45:59    loss: 0.045669  [12800/13584]
09:45:59  Starting epoch 95/100
09:45:59    loss: 0.043872  [    0/13584]
09:45:59    loss: 0.044951  [12800/13584]
09:45:59  Starting epoch 96/100
09:45:59    loss: 0.044043  [    0/13584]
09:46:00    loss: 0.045229  [12800/13584]
09:46:00  Starting epoch 97/100
09:46:00    loss: 0.043979  [    0/13584]
09:46:00    loss: 0.045660  [12800/13584]
09:46:00  Starting epoch 98/100
09:46:00    loss: 0.044135  [    0/13584]
09:46:00    loss: 0.045106  [12800/13584]
09:46:00  Starting epoch 99/100
09:46:00    loss: 0.043717  [    0/13584]
09:46:01    loss: 0.045991  [12800/13584]
09:46:01  Starting epoch 100/100
09:46:01    loss: 0.043048  [    0/13584]
09:46:01    loss: 0.045163  [12800/13584]
09:46:01  Starting epoch 1/100
09:46:01    loss: 0.348681  [    0/13584]
09:46:02    loss: 0.131604  [12800/13584]
09:46:02  Starting epoch 2/100
09:46:02    loss: 0.124439  [    0/13584]
09:46:02    loss: 0.122359  [12800/13584]
09:46:02  Starting epoch 3/100
09:46:02    loss: 0.114658  [    0/13584]
09:46:03    loss: 0.116417  [12800/13584]
09:46:03  Starting epoch 4/100
09:46:03    loss: 0.108680  [    0/13584]
09:46:04    loss: 0.114680  [12800/13584]
09:46:04  Starting epoch 5/100
09:46:04    loss: 0.107381  [    0/13584]
09:46:04    loss: 0.110560  [12800/13584]
09:46:04  Starting epoch 6/100
09:46:04    loss: 0.105922  [    0/13584]
09:46:05    loss: 0.109605  [12800/13584]
09:46:05  Starting epoch 7/100
09:46:05    loss: 0.103191  [    0/13584]
09:46:05    loss: 0.107086  [12800/13584]
09:46:05  Starting epoch 8/100
09:46:05    loss: 0.101982  [    0/13584]
09:46:06    loss: 0.107456  [12800/13584]
09:46:06  Starting epoch 9/100
09:46:06    loss: 0.101228  [    0/13584]
09:46:06    loss: 0.106654  [12800/13584]
09:46:06  Starting epoch 10/100
09:46:06    loss: 0.100861  [    0/13584]
09:46:07    loss: 0.105522  [12800/13584]
09:46:07  Starting epoch 11/100
09:46:07    loss: 0.099348  [    0/13584]
09:46:08    loss: 0.106153  [12800/13584]
09:46:08  Starting epoch 12/100
09:46:08    loss: 0.099003  [    0/13584]
09:46:08    loss: 0.103582  [12800/13584]
09:46:08  Starting epoch 13/100
09:46:08    loss: 0.096687  [    0/13584]
09:46:09    loss: 0.103243  [12800/13584]
09:46:09  Starting epoch 14/100
09:46:09    loss: 0.097755  [    0/13584]
09:46:09    loss: 0.103507  [12800/13584]
09:46:09  Starting epoch 15/100
09:46:09    loss: 0.096954  [    0/13584]
09:46:10    loss: 0.100774  [12800/13584]
09:46:10  Starting epoch 16/100
09:46:10    loss: 0.095089  [    0/13584]
09:46:10    loss: 0.098547  [12800/13584]
09:46:10  Starting epoch 17/100
09:46:10    loss: 0.095655  [    0/13584]
09:46:11    loss: 0.099618  [12800/13584]
09:46:11  Starting epoch 18/100
09:46:11    loss: 0.095447  [    0/13584]
09:46:12    loss: 0.100826  [12800/13584]
09:46:12  Starting epoch 19/100
09:46:12    loss: 0.096026  [    0/13584]
09:46:12    loss: 0.101486  [12800/13584]
09:46:12  Starting epoch 20/100
09:46:12    loss: 0.096698  [    0/13584]
09:46:13    loss: 0.101335  [12800/13584]
09:46:13  Starting epoch 21/100
09:46:13    loss: 0.093099  [    0/13584]
09:46:13    loss: 0.102434  [12800/13584]
09:46:13  Starting epoch 22/100
09:46:13    loss: 0.093392  [    0/13584]
09:46:14    loss: 0.099935  [12800/13584]
09:46:14  Starting epoch 23/100
09:46:14    loss: 0.094480  [    0/13584]
09:46:14    loss: 0.096756  [12800/13584]
09:46:14  Starting epoch 24/100
09:46:14    loss: 0.092020  [    0/13584]
09:46:15    loss: 0.096915  [12800/13584]
09:46:15  Starting epoch 25/100
09:46:15    loss: 0.092732  [    0/13584]
09:46:15    loss: 0.097171  [12800/13584]
09:46:16  Starting epoch 26/100
09:46:16    loss: 0.091689  [    0/13584]
09:46:16    loss: 0.098575  [12800/13584]
09:46:16  Starting epoch 27/100
09:46:16    loss: 0.093713  [    0/13584]
09:46:17    loss: 0.098053  [12800/13584]
09:46:17  Starting epoch 28/100
09:46:17    loss: 0.092095  [    0/13584]
09:46:17    loss: 0.098239  [12800/13584]
09:46:17  Starting epoch 29/100
09:46:17    loss: 0.090792  [    0/13584]
09:46:18    loss: 0.097678  [12800/13584]
09:46:18  Starting epoch 30/100
09:46:18    loss: 0.090601  [    0/13584]
09:46:18    loss: 0.098308  [12800/13584]
09:46:18  Starting epoch 31/100
09:46:18    loss: 0.091009  [    0/13584]
09:46:19    loss: 0.099804  [12800/13584]
09:46:19  Starting epoch 32/100
09:46:19    loss: 0.091434  [    0/13584]
09:46:19    loss: 0.095742  [12800/13584]
09:46:19  Starting epoch 33/100
09:46:19    loss: 0.090192  [    0/13584]
09:46:20    loss: 0.094628  [12800/13584]
09:46:20  Starting epoch 34/100
09:46:20    loss: 0.091242  [    0/13584]
09:46:21    loss: 0.095070  [12800/13584]
09:46:21  Starting epoch 35/100
09:46:21    loss: 0.091292  [    0/13584]
09:46:21    loss: 0.095333  [12800/13584]
09:46:21  Starting epoch 36/100
09:46:21    loss: 0.088303  [    0/13584]
09:46:22    loss: 0.095794  [12800/13584]
09:46:22  Starting epoch 37/100
09:46:22    loss: 0.088413  [    0/13584]
09:46:22    loss: 0.092630  [12800/13584]
09:46:22  Starting epoch 38/100
09:46:22    loss: 0.088930  [    0/13584]
09:46:23    loss: 0.094023  [12800/13584]
09:46:23  Starting epoch 39/100
09:46:23    loss: 0.089087  [    0/13584]
09:46:23    loss: 0.093910  [12800/13584]
09:46:23  Starting epoch 40/100
09:46:23    loss: 0.089055  [    0/13584]
09:46:24    loss: 0.095701  [12800/13584]
09:46:24  Starting epoch 41/100
09:46:24    loss: 0.089037  [    0/13584]
09:46:25    loss: 0.094387  [12800/13584]
09:46:25  Starting epoch 42/100
09:46:25    loss: 0.088738  [    0/13584]
09:46:25    loss: 0.095233  [12800/13584]
09:46:25  Starting epoch 43/100
09:46:25    loss: 0.089486  [    0/13584]
09:46:26    loss: 0.094392  [12800/13584]
09:46:26  Starting epoch 44/100
09:46:26    loss: 0.089822  [    0/13584]
09:46:26    loss: 0.093100  [12800/13584]
09:46:26  Starting epoch 45/100
09:46:26    loss: 0.091415  [    0/13584]
09:46:27    loss: 0.096046  [12800/13584]
09:46:27  Starting epoch 46/100
09:46:27    loss: 0.090274  [    0/13584]
09:46:27    loss: 0.092562  [12800/13584]
09:46:27  Starting epoch 47/100
09:46:27    loss: 0.087813  [    0/13584]
09:46:28    loss: 0.095051  [12800/13584]
09:46:28  Starting epoch 48/100
09:46:28    loss: 0.086113  [    0/13584]
09:46:29    loss: 0.091749  [12800/13584]
09:46:29  Starting epoch 49/100
09:46:29    loss: 0.089339  [    0/13584]
09:46:29    loss: 0.095629  [12800/13584]
09:46:29  Starting epoch 50/100
09:46:29    loss: 0.086929  [    0/13584]
09:46:30    loss: 0.093205  [12800/13584]
09:46:30  Starting epoch 51/100
09:46:30    loss: 0.087578  [    0/13584]
09:46:30    loss: 0.093963  [12800/13584]
09:46:30  Starting epoch 52/100
09:46:30    loss: 0.086733  [    0/13584]
09:46:31    loss: 0.094008  [12800/13584]
09:46:31  Starting epoch 53/100
09:46:31    loss: 0.087879  [    0/13584]
09:46:31    loss: 0.091513  [12800/13584]
09:46:31  Starting epoch 54/100
09:46:31    loss: 0.086788  [    0/13584]
09:46:32    loss: 0.089966  [12800/13584]
09:46:32  Starting epoch 55/100
09:46:32    loss: 0.088502  [    0/13584]
09:46:33    loss: 0.092796  [12800/13584]
09:46:33  Starting epoch 56/100
09:46:33    loss: 0.086776  [    0/13584]
09:46:33    loss: 0.090689  [12800/13584]
09:46:33  Starting epoch 57/100
09:46:33    loss: 0.085654  [    0/13584]
09:46:34    loss: 0.091256  [12800/13584]
09:46:34  Starting epoch 58/100
09:46:34    loss: 0.085876  [    0/13584]
09:46:34    loss: 0.089588  [12800/13584]
09:46:34  Starting epoch 59/100
09:46:34    loss: 0.086448  [    0/13584]
09:46:35    loss: 0.091805  [12800/13584]
09:46:35  Starting epoch 60/100
09:46:35    loss: 0.087283  [    0/13584]
09:46:35    loss: 0.091723  [12800/13584]
09:46:35  Starting epoch 61/100
09:46:35    loss: 0.089165  [    0/13584]
09:46:36    loss: 0.090058  [12800/13584]
09:46:36  Starting epoch 62/100
09:46:36    loss: 0.085080  [    0/13584]
09:46:37    loss: 0.092286  [12800/13584]
09:46:37  Starting epoch 63/100
09:46:37    loss: 0.086951  [    0/13584]
09:46:37    loss: 0.091280  [12800/13584]
09:46:37  Starting epoch 64/100
09:46:37    loss: 0.085804  [    0/13584]
09:46:38    loss: 0.090712  [12800/13584]
09:46:38  Starting epoch 65/100
09:46:38    loss: 0.084271  [    0/13584]
09:46:38    loss: 0.089567  [12800/13584]
09:46:38  Starting epoch 66/100
09:46:38    loss: 0.086828  [    0/13584]
09:46:39    loss: 0.091625  [12800/13584]
09:46:39  Starting epoch 67/100
09:46:39    loss: 0.086666  [    0/13584]
09:46:39    loss: 0.090866  [12800/13584]
09:46:39  Starting epoch 68/100
09:46:39    loss: 0.088073  [    0/13584]
09:46:40    loss: 0.090957  [12800/13584]
09:46:40  Starting epoch 69/100
09:46:40    loss: 0.084623  [    0/13584]
09:46:41    loss: 0.090250  [12800/13584]
09:46:41  Starting epoch 70/100
09:46:41    loss: 0.085304  [    0/13584]
09:46:41    loss: 0.090674  [12800/13584]
09:46:41  Starting epoch 71/100
09:46:41    loss: 0.086782  [    0/13584]
09:46:42    loss: 0.091463  [12800/13584]
09:46:42  Starting epoch 72/100
09:46:42    loss: 0.085810  [    0/13584]
09:46:42    loss: 0.091343  [12800/13584]
09:46:42  Starting epoch 73/100
09:46:42    loss: 0.083552  [    0/13584]
09:46:43    loss: 0.089157  [12800/13584]
09:46:43  Starting epoch 74/100
09:46:43    loss: 0.083746  [    0/13584]
09:46:43    loss: 0.090581  [12800/13584]
09:46:43  Starting epoch 75/100
09:46:43    loss: 0.083973  [    0/13584]
09:46:44    loss: 0.090971  [12800/13584]
09:46:44  Starting epoch 76/100
09:46:44    loss: 0.083571  [    0/13584]
09:46:44    loss: 0.089640  [12800/13584]
09:46:45  Starting epoch 77/100
09:46:45    loss: 0.083330  [    0/13584]
09:46:45    loss: 0.089774  [12800/13584]
09:46:45  Starting epoch 78/100
09:46:45    loss: 0.087697  [    0/13584]
09:46:46    loss: 0.092066  [12800/13584]
09:46:46  Starting epoch 79/100
09:46:46    loss: 0.084913  [    0/13584]
09:46:46    loss: 0.090096  [12800/13584]
09:46:46  Starting epoch 80/100
09:46:46    loss: 0.087249  [    0/13584]
09:46:47    loss: 0.090285  [12800/13584]
09:46:47  Starting epoch 81/100
09:46:47    loss: 0.082505  [    0/13584]
09:46:47    loss: 0.089061  [12800/13584]
09:46:47  Starting epoch 82/100
09:46:47    loss: 0.083674  [    0/13584]
09:46:48    loss: 0.086897  [12800/13584]
09:46:48  Starting epoch 83/100
09:46:48    loss: 0.086009  [    0/13584]
09:46:48    loss: 0.087846  [12800/13584]
09:46:48  Starting epoch 84/100
09:46:48    loss: 0.084428  [    0/13584]
09:46:49    loss: 0.091592  [12800/13584]
09:46:49  Starting epoch 85/100
09:46:49    loss: 0.083132  [    0/13584]
09:46:50    loss: 0.089340  [12800/13584]
09:46:50  Starting epoch 86/100
09:46:50    loss: 0.082978  [    0/13584]
09:46:50    loss: 0.089962  [12800/13584]
09:46:50  Starting epoch 87/100
09:46:50    loss: 0.084809  [    0/13584]
09:46:51    loss: 0.089607  [12800/13584]
09:46:51  Starting epoch 88/100
09:46:51    loss: 0.084750  [    0/13584]
09:46:51    loss: 0.089659  [12800/13584]
09:46:51  Starting epoch 89/100
09:46:51    loss: 0.084389  [    0/13584]
09:46:52    loss: 0.087317  [12800/13584]
09:46:52  Starting epoch 90/100
09:46:52    loss: 0.085062  [    0/13584]
09:46:52    loss: 0.089959  [12800/13584]
09:46:52  Starting epoch 91/100
09:46:52    loss: 0.082827  [    0/13584]
09:46:53    loss: 0.088338  [12800/13584]
09:46:53  Starting epoch 92/100
09:46:53    loss: 0.085862  [    0/13584]
09:46:54    loss: 0.090474  [12800/13584]
09:46:54  Starting epoch 93/100
09:46:54    loss: 0.083633  [    0/13584]
09:46:54    loss: 0.088868  [12800/13584]
09:46:54  Starting epoch 94/100
09:46:54    loss: 0.083692  [    0/13584]
09:46:55    loss: 0.088151  [12800/13584]
09:46:55  Starting epoch 95/100
09:46:55    loss: 0.084312  [    0/13584]
09:46:55    loss: 0.089378  [12800/13584]
09:46:55  Starting epoch 96/100
09:46:55    loss: 0.084378  [    0/13584]
09:46:56    loss: 0.089425  [12800/13584]
09:46:56  Starting epoch 97/100
09:46:56    loss: 0.082431  [    0/13584]
09:46:56    loss: 0.088351  [12800/13584]
09:46:56  Starting epoch 98/100
09:46:56    loss: 0.085550  [    0/13584]
09:46:57    loss: 0.088995  [12800/13584]
09:46:57  Starting epoch 99/100
09:46:57    loss: 0.081973  [    0/13584]
09:46:58    loss: 0.088976  [12800/13584]
09:46:58  Starting epoch 100/100
09:46:58    loss: 0.084091  [    0/13584]
09:46:58    loss: 0.089937  [12800/13584]
09:46:58  Training with recon loss mse
09:46:59  Starting epoch 1/150
/users/9/chen7751/collaborative-deep-learning-main/cdl/cdl.py:117: UserWarning: An output with one or more elements was resized since it had shape [50, 1], which does not match the required output shape [50]. This behavior is deprecated, and in a future PyTorch release outputs will not be resized unless they have zero elements. You can explicitly reuse an out tensor t by resizing it, inplace, to zero elements with t.resize_(0). (Triggered internally at ../aten/src/ATen/native/Resize.cpp:28.)
  linalg.solve(A, b, out=U[j].unsqueeze(1))
/users/9/chen7751/collaborative-deep-learning-main/cdl/cdl.py:136: UserWarning: An output with one or more elements was resized since it had shape [50, 1], which does not match the required output shape [50]. This behavior is deprecated, and in a future PyTorch release outputs will not be resized unless they have zero elements. You can explicitly reuse an out tensor t by resizing it, inplace, to zero elements with t.resize_(0). (Triggered internally at ../aten/src/ATen/native/Resize.cpp:28.)
  linalg.solve(A, b, out=V[j].unsqueeze(1))
09:47:02    mfm_neg_likelihood=3008.322998  v=0.359599  u=73.672371  r=2934.291016
09:47:02    neg_likelihood: 20524171133.79578
09:47:02    loss: 0.078464  [    0/16980]
09:47:02    loss: 0.087961  [12800/16980]
09:47:03  Starting epoch 2/150
09:47:05    loss: 0.077508  [    0/16980]
09:47:06    loss: 0.084635  [12800/16980]
09:47:06  Starting epoch 3/150
09:47:09    loss: 0.077806  [    0/16980]
09:47:09    loss: 0.086290  [12800/16980]
09:47:10  Starting epoch 4/150
09:47:13    mfm_neg_likelihood=2440.078613  v=0.423825  u=137.629166  r=2302.025635
09:47:13    neg_likelihood: 20568287440.55936
09:47:13    loss: 0.077091  [    0/16980]
09:47:13    loss: 0.085345  [12800/16980]
09:47:13  Starting epoch 5/150
09:47:16    loss: 0.078544  [    0/16980]
09:47:16    loss: 0.084778  [12800/16980]
09:47:16  Starting epoch 6/150
09:47:18    loss: 0.077466  [    0/16980]
09:47:19    loss: 0.085804  [12800/16980]
09:47:19  Starting epoch 7/150
09:47:21    mfm_neg_likelihood=2442.332275  v=0.425270  u=137.761124  r=2304.145996
09:47:21    neg_likelihood: 20650427911.570576
09:47:21    loss: 0.079586  [    0/16980]
09:47:22    loss: 0.086267  [12800/16980]
09:47:22  Starting epoch 8/150
09:47:25    loss: 0.078614  [    0/16980]
09:47:25    loss: 0.087106  [12800/16980]
09:47:26  Starting epoch 9/150
09:47:28    loss: 0.077070  [    0/16980]
09:47:29    loss: 0.084727  [12800/16980]
09:47:29  Starting epoch 10/150
09:47:32    mfm_neg_likelihood=2443.425537  v=0.426219  u=137.841187  r=2305.158203
09:47:32    neg_likelihood: 20554793068.92153
09:47:32    loss: 0.079063  [    0/16980]
09:47:33    loss: 0.084500  [12800/16980]
09:47:33  Starting epoch 11/150
09:47:36    loss: 0.080528  [    0/16980]
09:47:36    loss: 0.085021  [12800/16980]
09:47:36  Starting epoch 12/150
09:47:39    loss: 0.078780  [    0/16980]
09:47:40    loss: 0.083790  [12800/16980]
09:47:40  Starting epoch 13/150
09:47:43    mfm_neg_likelihood=2443.742920  v=0.426674  u=137.891464  r=2305.424805
09:47:43    neg_likelihood: 20454654006.747124
09:47:43    loss: 0.077761  [    0/16980]
09:47:43    loss: 0.085556  [12800/16980]
09:47:43  Starting epoch 14/150
09:47:46    loss: 0.079521  [    0/16980]
09:47:46    loss: 0.087308  [12800/16980]
09:47:46  Starting epoch 15/150
09:47:49    loss: 0.078511  [    0/16980]
09:47:50    loss: 0.084904  [12800/16980]
09:47:50  Starting epoch 16/150
09:47:53    mfm_neg_likelihood=2444.944092  v=0.427164  u=137.944626  r=2306.572266
09:47:53    neg_likelihood: 20344055257.956
09:47:53    loss: 0.076785  [    0/16980]
09:47:53    loss: 0.087086  [12800/16980]
09:47:53  Starting epoch 17/150
09:47:56    loss: 0.076183  [    0/16980]
09:47:57    loss: 0.086827  [12800/16980]
09:47:57  Starting epoch 18/150
09:47:59    loss: 0.077766  [    0/16980]
09:48:00    loss: 0.086125  [12800/16980]
09:48:00  Starting epoch 19/150
09:48:02    mfm_neg_likelihood=2445.887451  v=0.426207  u=137.664642  r=2307.796631
09:48:02    neg_likelihood: 20290797758.90728
09:48:02    loss: 0.077682  [    0/16980]
09:48:02    loss: 0.083709  [12800/16980]
09:48:03  Starting epoch 20/150
09:48:05    loss: 0.078241  [    0/16980]
09:48:05    loss: 0.085499  [12800/16980]
09:48:05  Starting epoch 21/150
09:48:08    loss: 0.080071  [    0/16980]
09:48:08    loss: 0.083370  [12800/16980]
09:48:08  Starting epoch 22/150
09:48:10    mfm_neg_likelihood=2445.358398  v=0.426179  u=137.843292  r=2307.088867
09:48:10    neg_likelihood: 20330811195.886185
09:48:10    loss: 0.076877  [    0/16980]
09:48:11    loss: 0.086622  [12800/16980]
09:48:11  Starting epoch 23/150
09:48:13    loss: 0.076548  [    0/16980]
09:48:14    loss: 0.085944  [12800/16980]
09:48:14  Starting epoch 24/150
09:48:16    loss: 0.078526  [    0/16980]
09:48:17    loss: 0.086358  [12800/16980]
09:48:17  Starting epoch 25/150
09:48:19    mfm_neg_likelihood=2446.876709  v=0.428186  u=138.198273  r=2308.250244
09:48:19    neg_likelihood: 20174333541.162148
09:48:19    loss: 0.076919  [    0/16980]
09:48:19    loss: 0.086628  [12800/16980]
09:48:20  Starting epoch 26/150
09:48:22    loss: 0.078125  [    0/16980]
09:48:22    loss: 0.083920  [12800/16980]
09:48:22  Starting epoch 27/150
09:48:24    loss: 0.078003  [    0/16980]
09:48:25    loss: 0.084227  [12800/16980]
09:48:25  Starting epoch 28/150
09:48:27    mfm_neg_likelihood=2447.562988  v=0.428450  u=138.139664  r=2308.994873
09:48:27    neg_likelihood: 20213569323.106384
09:48:27    loss: 0.076912  [    0/16980]
09:48:28    loss: 0.088572  [12800/16980]
09:48:28  Starting epoch 29/150
09:48:30    loss: 0.075732  [    0/16980]
09:48:31    loss: 0.085535  [12800/16980]
09:48:31  Starting epoch 30/150
09:48:33    loss: 0.077938  [    0/16980]
09:48:34    loss: 0.082383  [12800/16980]
09:48:34  Starting epoch 31/150
09:48:36    mfm_neg_likelihood=2448.458008  v=0.429411  u=138.157394  r=2309.871094
09:48:36    neg_likelihood: 20124744949.009453
09:48:36    loss: 0.075768  [    0/16980]
09:48:37    loss: 0.085836  [12800/16980]
09:48:37  Starting epoch 32/150
09:48:39    loss: 0.076263  [    0/16980]
09:48:40    loss: 0.083079  [12800/16980]
09:48:40  Starting epoch 33/150
09:48:42    loss: 0.077905  [    0/16980]
09:48:42    loss: 0.084660  [12800/16980]
09:48:43  Starting epoch 34/150
09:48:45    mfm_neg_likelihood=2450.137451  v=0.429306  u=138.014282  r=2311.693848
09:48:45    neg_likelihood: 20197892450.696804
09:48:45    loss: 0.076795  [    0/16980]
09:48:45    loss: 0.085108  [12800/16980]
09:48:45  Starting epoch 35/150
09:48:48    loss: 0.074313  [    0/16980]
09:48:48    loss: 0.084427  [12800/16980]
09:48:48  Starting epoch 36/150
09:48:50    loss: 0.076708  [    0/16980]
09:48:51    loss: 0.084812  [12800/16980]
09:48:51  Starting epoch 37/150
09:48:53    mfm_neg_likelihood=2450.140381  v=0.430329  u=138.334213  r=2311.375732
09:48:53    neg_likelihood: 20032185575.707344
09:48:53    loss: 0.074672  [    0/16980]
09:48:54    loss: 0.083683  [12800/16980]
09:48:54  Starting epoch 38/150
09:48:56    loss: 0.078447  [    0/16980]
09:48:57    loss: 0.083433  [12800/16980]
09:48:57  Starting epoch 39/150
09:48:59    loss: 0.076025  [    0/16980]
09:48:59    loss: 0.087571  [12800/16980]
09:49:00  Starting epoch 40/150
09:49:02    mfm_neg_likelihood=2452.719727  v=0.430531  u=138.003860  r=2314.285400
09:49:02    neg_likelihood: 20032777609.544662
09:49:02    loss: 0.078537  [    0/16980]
09:49:02    loss: 0.083272  [12800/16980]
09:49:02  Starting epoch 41/150
09:49:05    loss: 0.075104  [    0/16980]
09:49:05    loss: 0.084242  [12800/16980]
09:49:05  Starting epoch 42/150
09:49:07    loss: 0.075744  [    0/16980]
09:49:08    loss: 0.084959  [12800/16980]
09:49:08  Starting epoch 43/150
09:49:10    mfm_neg_likelihood=2451.371582  v=0.430377  u=138.296875  r=2312.644287
09:49:10    neg_likelihood: 19960554014.45454
09:49:10    loss: 0.077292  [    0/16980]
09:49:11    loss: 0.085903  [12800/16980]
09:49:11  Starting epoch 44/150
09:49:13    loss: 0.078623  [    0/16980]
09:49:14    loss: 0.083522  [12800/16980]
09:49:14  Starting epoch 45/150
09:49:16    loss: 0.076478  [    0/16980]
09:49:17    loss: 0.083262  [12800/16980]
09:49:17  Starting epoch 46/150
09:49:19    mfm_neg_likelihood=2453.466797  v=0.432553  u=138.521942  r=2314.512207
09:49:19    neg_likelihood: 20059066047.807552
09:49:19    loss: 0.077876  [    0/16980]
09:49:19    loss: 0.085130  [12800/16980]
09:49:20  Starting epoch 47/150
09:49:22    loss: 0.076700  [    0/16980]
09:49:22    loss: 0.082782  [12800/16980]
09:49:22  Starting epoch 48/150
09:49:24    loss: 0.075423  [    0/16980]
09:49:25    loss: 0.083437  [12800/16980]
09:49:25  Starting epoch 49/150
09:49:27    mfm_neg_likelihood=2454.134277  v=0.431219  u=138.323151  r=2315.379883
09:49:27    neg_likelihood: 19941639954.733067
09:49:27    loss: 0.077699  [    0/16980]
09:49:28    loss: 0.083760  [12800/16980]
09:49:28  Starting epoch 50/150
09:49:30    loss: 0.075660  [    0/16980]
09:49:31    loss: 0.081599  [12800/16980]
09:49:31  Starting epoch 51/150
09:49:34    loss: 0.078565  [    0/16980]
09:49:34    loss: 0.083275  [12800/16980]
09:49:34  Starting epoch 52/150
09:49:38    mfm_neg_likelihood=2455.177490  v=0.433233  u=138.343033  r=2316.401123
09:49:38    neg_likelihood: 19884797924.534195
09:49:38    loss: 0.076882  [    0/16980]
09:49:38    loss: 0.081917  [12800/16980]
09:49:38  Starting epoch 53/150
09:49:41    loss: 0.076893  [    0/16980]
09:49:42    loss: 0.084390  [12800/16980]
09:49:42  Starting epoch 54/150
09:49:44    loss: 0.077280  [    0/16980]
09:49:45    loss: 0.081781  [12800/16980]
09:49:45  Starting epoch 55/150
09:49:48    mfm_neg_likelihood=2455.293457  v=0.432557  u=138.440613  r=2316.420166
09:49:48    neg_likelihood: 19848567299.65813
09:49:48    loss: 0.075356  [    0/16980]
09:49:48    loss: 0.083455  [12800/16980]
09:49:48  Starting epoch 56/150
09:49:51    loss: 0.080506  [    0/16980]
09:49:51    loss: 0.082506  [12800/16980]
09:49:51  Starting epoch 57/150
09:49:53    loss: 0.076209  [    0/16980]
09:49:54    loss: 0.086631  [12800/16980]
09:49:54  Starting epoch 58/150
09:49:56    mfm_neg_likelihood=2456.729492  v=0.433671  u=138.411423  r=2317.884521
09:49:56    neg_likelihood: 19865722144.852177
09:49:56    loss: 0.076556  [    0/16980]
09:49:57    loss: 0.083060  [12800/16980]
09:49:57  Starting epoch 59/150
09:49:59    loss: 0.075149  [    0/16980]
09:49:59    loss: 0.083594  [12800/16980]
09:50:00  Starting epoch 60/150
09:50:02    loss: 0.075446  [    0/16980]
09:50:02    loss: 0.083184  [12800/16980]
09:50:02  Starting epoch 61/150
09:50:05    mfm_neg_likelihood=2456.190674  v=0.433594  u=138.641693  r=2317.115479
09:50:05    neg_likelihood: 19768499644.321205
09:50:05    loss: 0.074122  [    0/16980]
09:50:05    loss: 0.083172  [12800/16980]
09:50:05  Starting epoch 62/150
09:50:08    loss: 0.075413  [    0/16980]
09:50:08    loss: 0.082750  [12800/16980]
09:50:08  Starting epoch 63/150
09:50:11    loss: 0.074782  [    0/16980]
09:50:11    loss: 0.082936  [12800/16980]
09:50:11  Starting epoch 64/150
09:50:14    mfm_neg_likelihood=2458.433105  v=0.433894  u=138.335266  r=2319.664062
09:50:14    neg_likelihood: 19830096209.0716
09:50:14    loss: 0.077591  [    0/16980]
09:50:14    loss: 0.081122  [12800/16980]
09:50:15  Starting epoch 65/150
09:50:17    loss: 0.076737  [    0/16980]
09:50:17    loss: 0.081097  [12800/16980]
09:50:17  Starting epoch 66/150
09:50:19    loss: 0.076421  [    0/16980]
09:50:20    loss: 0.083821  [12800/16980]
09:50:20  Starting epoch 67/150
09:50:22    mfm_neg_likelihood=2457.532715  v=0.434375  u=138.563339  r=2318.534912
09:50:22    neg_likelihood: 19751569801.928825
09:50:22    loss: 0.075582  [    0/16980]
09:50:23    loss: 0.079014  [12800/16980]
09:50:23  Starting epoch 68/150
09:50:25    loss: 0.074036  [    0/16980]
09:50:26    loss: 0.082051  [12800/16980]
09:50:26  Starting epoch 69/150
09:50:28    loss: 0.074623  [    0/16980]
09:50:29    loss: 0.083018  [12800/16980]
09:50:29  Starting epoch 70/150
09:50:31    mfm_neg_likelihood=2459.351562  v=0.434110  u=138.310791  r=2320.606689
09:50:31    neg_likelihood: 19792734960.005318
09:50:31    loss: 0.077458  [    0/16980]
09:50:31    loss: 0.082038  [12800/16980]
09:50:32  Starting epoch 71/150
09:50:34    loss: 0.076341  [    0/16980]
09:50:34    loss: 0.080992  [12800/16980]
09:50:34  Starting epoch 72/150
09:50:36    loss: 0.075315  [    0/16980]
09:50:37    loss: 0.081927  [12800/16980]
09:50:37  Starting epoch 73/150
09:50:40    mfm_neg_likelihood=2461.154297  v=0.435695  u=138.486465  r=2322.232178
09:50:40    neg_likelihood: 19701323086.816265
09:50:40    loss: 0.075508  [    0/16980]
09:50:40    loss: 0.083400  [12800/16980]
09:50:41  Starting epoch 74/150
09:50:43    loss: 0.078247  [    0/16980]
09:50:43    loss: 0.083780  [12800/16980]
09:50:43  Starting epoch 75/150
09:50:46    loss: 0.073810  [    0/16980]
09:50:46    loss: 0.082603  [12800/16980]
09:50:46  Starting epoch 76/150
09:50:48    mfm_neg_likelihood=2461.288574  v=0.435846  u=138.431366  r=2322.421387
09:50:48    neg_likelihood: 19740736055.708607
09:50:49    loss: 0.073733  [    0/16980]
09:50:49    loss: 0.081542  [12800/16980]
09:50:49  Starting epoch 77/150
09:50:51    loss: 0.076062  [    0/16980]
09:50:52    loss: 0.083523  [12800/16980]
09:50:52  Starting epoch 78/150
09:50:54    loss: 0.073917  [    0/16980]
09:50:55    loss: 0.080896  [12800/16980]
09:50:55  Starting epoch 79/150
09:50:57    mfm_neg_likelihood=2460.038574  v=0.436301  u=138.724426  r=2320.877930
09:50:57    neg_likelihood: 19577213085.716232
09:50:57    loss: 0.075879  [    0/16980]
09:50:58    loss: 0.081507  [12800/16980]
09:50:58  Starting epoch 80/150
09:51:00    loss: 0.077815  [    0/16980]
09:51:00    loss: 0.082268  [12800/16980]
09:51:01  Starting epoch 81/150
09:51:03    loss: 0.074861  [    0/16980]
09:51:04    loss: 0.082053  [12800/16980]
09:51:04  Starting epoch 82/150
09:51:07    mfm_neg_likelihood=2461.706787  v=0.437351  u=138.840866  r=2322.428467
09:51:07    neg_likelihood: 19574805587.39288
09:51:07    loss: 0.075184  [    0/16980]
09:51:08    loss: 0.080851  [12800/16980]
09:51:08  Starting epoch 83/150
09:51:10    loss: 0.075106  [    0/16980]
09:51:10    loss: 0.080533  [12800/16980]
09:51:11  Starting epoch 84/150
09:51:13    loss: 0.074643  [    0/16980]
09:51:13    loss: 0.081557  [12800/16980]
09:51:13  Starting epoch 85/150
09:51:16    mfm_neg_likelihood=2462.467529  v=0.437552  u=138.791656  r=2323.238281
09:51:16    neg_likelihood: 19648111994.411674
09:51:16    loss: 0.075331  [    0/16980]
09:51:17    loss: 0.082305  [12800/16980]
09:51:17  Starting epoch 86/150
09:51:20    loss: 0.075860  [    0/16980]
09:51:20    loss: 0.082553  [12800/16980]
09:51:21  Starting epoch 87/150
09:51:23    loss: 0.075198  [    0/16980]
09:51:24    loss: 0.084327  [12800/16980]
09:51:24  Starting epoch 88/150
09:51:26    mfm_neg_likelihood=2463.850098  v=0.436785  u=138.363708  r=2325.049561
09:51:26    neg_likelihood: 19607611995.802338
09:51:26    loss: 0.074712  [    0/16980]
09:51:27    loss: 0.084820  [12800/16980]
09:51:27  Starting epoch 89/150
09:51:29    loss: 0.075505  [    0/16980]
09:51:29    loss: 0.084227  [12800/16980]
09:51:30  Starting epoch 90/150
09:51:32    loss: 0.075180  [    0/16980]
09:51:33    loss: 0.082192  [12800/16980]
09:51:33  Starting epoch 91/150
09:51:35    mfm_neg_likelihood=2465.589355  v=0.437788  u=138.558838  r=2326.592773
09:51:35    neg_likelihood: 19575505903.799217
09:51:35    loss: 0.074033  [    0/16980]
09:51:36    loss: 0.081211  [12800/16980]
09:51:36  Starting epoch 92/150
09:51:38    loss: 0.073981  [    0/16980]
09:51:39    loss: 0.080684  [12800/16980]
09:51:39  Starting epoch 93/150
09:51:41    loss: 0.075501  [    0/16980]
09:51:42    loss: 0.083663  [12800/16980]
09:51:42  Starting epoch 94/150
09:51:45    mfm_neg_likelihood=2462.141113  v=0.436470  u=138.505249  r=2323.199463
09:51:45    neg_likelihood: 19529752150.35926
09:51:45    loss: 0.074627  [    0/16980]
09:51:46    loss: 0.082750  [12800/16980]
09:51:46  Starting epoch 95/150
09:51:48    loss: 0.073555  [    0/16980]
09:51:48    loss: 0.084317  [12800/16980]
09:51:49  Starting epoch 96/150
09:51:51    loss: 0.074251  [    0/16980]
09:51:51    loss: 0.081077  [12800/16980]
09:51:51  Starting epoch 97/150
09:51:54    mfm_neg_likelihood=2464.533447  v=0.438554  u=138.711609  r=2325.383301
09:51:54    neg_likelihood: 19527095746.509895
09:51:54    loss: 0.076354  [    0/16980]
09:51:54    loss: 0.083141  [12800/16980]
09:51:54  Starting epoch 98/150
09:51:56    loss: 0.076349  [    0/16980]
09:51:57    loss: 0.081533  [12800/16980]
09:51:57  Starting epoch 99/150
09:51:59    loss: 0.077877  [    0/16980]
09:52:00    loss: 0.083921  [12800/16980]
09:52:00  Starting epoch 100/150
09:52:02    mfm_neg_likelihood=2465.877930  v=0.439534  u=138.805069  r=2326.633301
09:52:02    neg_likelihood: 19492994185.362225
09:52:02    loss: 0.077566  [    0/16980]
09:52:03    loss: 0.082120  [12800/16980]
09:52:03  Starting epoch 101/150
09:52:05    loss: 0.074416  [    0/16980]
09:52:05    loss: 0.082585  [12800/16980]
09:52:06  Starting epoch 102/150
09:52:08    loss: 0.075588  [    0/16980]
09:52:08    loss: 0.084202  [12800/16980]
09:52:08  Starting epoch 103/150
09:52:11    mfm_neg_likelihood=2467.628174  v=0.439659  u=138.567947  r=2328.620605
09:52:11    neg_likelihood: 19542792312.12029
09:52:11    loss: 0.073469  [    0/16980]
09:52:11    loss: 0.082530  [12800/16980]
09:52:11  Starting epoch 104/150
09:52:13    loss: 0.075327  [    0/16980]
09:52:14    loss: 0.082108  [12800/16980]
09:52:14  Starting epoch 105/150
09:52:16    loss: 0.074195  [    0/16980]
09:52:17    loss: 0.080857  [12800/16980]
09:52:17  Starting epoch 106/150
09:52:19    mfm_neg_likelihood=2467.984619  v=0.439204  u=138.521652  r=2329.023682
09:52:19    neg_likelihood: 19528275593.734867
09:52:19    loss: 0.073665  [    0/16980]
09:52:20    loss: 0.083956  [12800/16980]
09:52:20  Starting epoch 107/150
09:52:22    loss: 0.073733  [    0/16980]
09:52:22    loss: 0.078030  [12800/16980]
09:52:23  Starting epoch 108/150
09:52:25    loss: 0.075929  [    0/16980]
09:52:25    loss: 0.082183  [12800/16980]
09:52:25  Starting epoch 109/150
09:52:28    mfm_neg_likelihood=2468.084473  v=0.439500  u=138.573959  r=2329.071045
09:52:28    neg_likelihood: 19428990125.092987
09:52:28    loss: 0.075089  [    0/16980]
09:52:28    loss: 0.081484  [12800/16980]
09:52:28  Starting epoch 110/150
09:52:30    loss: 0.076674  [    0/16980]
09:52:31    loss: 0.081732  [12800/16980]
09:52:31  Starting epoch 111/150
09:52:33    loss: 0.073437  [    0/16980]
09:52:34    loss: 0.083836  [12800/16980]
09:52:34  Starting epoch 112/150
09:52:36    mfm_neg_likelihood=2471.190186  v=0.441800  u=138.649460  r=2332.098877
09:52:36    neg_likelihood: 19405093721.957188
09:52:36    loss: 0.074763  [    0/16980]
09:52:37    loss: 0.079532  [12800/16980]
09:52:37  Starting epoch 113/150
09:52:39    loss: 0.074918  [    0/16980]
09:52:39    loss: 0.080394  [12800/16980]
09:52:40  Starting epoch 114/150
09:52:42    loss: 0.072878  [    0/16980]
09:52:42    loss: 0.082517  [12800/16980]
09:52:42  Starting epoch 115/150
09:52:45    mfm_neg_likelihood=2467.951416  v=0.439549  u=138.613266  r=2328.898682
09:52:45    neg_likelihood: 19343829031.22681
09:52:45    loss: 0.076504  [    0/16980]
09:52:45    loss: 0.087132  [12800/16980]
09:52:45  Starting epoch 116/150
09:52:47    loss: 0.072911  [    0/16980]
09:52:48    loss: 0.081073  [12800/16980]
09:52:48  Starting epoch 117/150
09:52:50    loss: 0.074292  [    0/16980]
09:52:51    loss: 0.081620  [12800/16980]
09:52:51  Starting epoch 118/150
09:52:54    mfm_neg_likelihood=2471.319824  v=0.441052  u=138.588181  r=2332.290527
09:52:54    neg_likelihood: 19351009347.10397
09:52:54    loss: 0.074390  [    0/16980]
09:52:54    loss: 0.080594  [12800/16980]
09:52:54  Starting epoch 119/150
09:52:57    loss: 0.074908  [    0/16980]
09:52:57    loss: 0.082625  [12800/16980]
09:52:57  Starting epoch 120/150
09:52:59    loss: 0.075181  [    0/16980]
09:53:00    loss: 0.084244  [12800/16980]
09:53:00  Starting epoch 121/150
09:53:02    mfm_neg_likelihood=2470.378418  v=0.441276  u=138.635010  r=2331.302246
09:53:02    neg_likelihood: 19372226846.17103
09:53:02    loss: 0.074040  [    0/16980]
09:53:03    loss: 0.080028  [12800/16980]
09:53:03  Starting epoch 122/150
09:53:05    loss: 0.072791  [    0/16980]
09:53:06    loss: 0.081804  [12800/16980]
09:53:06  Starting epoch 123/150
09:53:08    loss: 0.073392  [    0/16980]
09:53:08    loss: 0.083280  [12800/16980]
09:53:09  Starting epoch 124/150
09:53:11    mfm_neg_likelihood=2469.839600  v=0.439885  u=138.413834  r=2330.985840
09:53:11    neg_likelihood: 19247183095.640476
09:53:11    loss: 0.074241  [    0/16980]
09:53:11    loss: 0.083001  [12800/16980]
09:53:12  Starting epoch 125/150
09:53:14    loss: 0.074756  [    0/16980]
09:53:14    loss: 0.079812  [12800/16980]
09:53:14  Starting epoch 126/150
09:53:16    loss: 0.074931  [    0/16980]
09:53:17    loss: 0.083826  [12800/16980]
09:53:17  Starting epoch 127/150
09:53:19    mfm_neg_likelihood=2470.907227  v=0.440891  u=138.530853  r=2331.935547
09:53:19    neg_likelihood: 19254579971.71639
09:53:19    loss: 0.072821  [    0/16980]
09:53:20    loss: 0.084539  [12800/16980]
09:53:20  Starting epoch 128/150
09:53:23    loss: 0.073013  [    0/16980]
09:53:23    loss: 0.079994  [12800/16980]
09:53:24  Starting epoch 129/150
09:53:26    loss: 0.072777  [    0/16980]
09:53:26    loss: 0.080448  [12800/16980]
09:53:26  Starting epoch 130/150
09:53:29    mfm_neg_likelihood=2472.638672  v=0.442110  u=138.602768  r=2333.593750
09:53:29    neg_likelihood: 19240028098.45637
09:53:29    loss: 0.074425  [    0/16980]
09:53:30    loss: 0.080971  [12800/16980]
09:53:30  Starting epoch 131/150
09:53:32    loss: 0.075226  [    0/16980]
09:53:33    loss: 0.082342  [12800/16980]
09:53:33  Starting epoch 132/150
09:53:35    loss: 0.073468  [    0/16980]
09:53:36    loss: 0.079336  [12800/16980]
09:53:36  Starting epoch 133/150
09:53:38    mfm_neg_likelihood=2474.177734  v=0.440820  u=138.144211  r=2335.592773
09:53:38    neg_likelihood: 19304098256.253746
09:53:38    loss: 0.072530  [    0/16980]
09:53:39    loss: 0.079725  [12800/16980]
09:53:39  Starting epoch 134/150
09:53:41    loss: 0.073103  [    0/16980]
09:53:41    loss: 0.080935  [12800/16980]
09:53:41  Starting epoch 135/150
09:53:44    loss: 0.075103  [    0/16980]
09:53:44    loss: 0.079708  [12800/16980]
09:53:44  Starting epoch 136/150
09:53:46    mfm_neg_likelihood=2475.979980  v=0.442483  u=138.332214  r=2337.205322
09:53:47    neg_likelihood: 19320119664.314518
09:53:47    loss: 0.073871  [    0/16980]
09:53:47    loss: 0.081487  [12800/16980]
09:53:47  Starting epoch 137/150
09:53:49    loss: 0.073808  [    0/16980]
09:53:50    loss: 0.079424  [12800/16980]
09:53:50  Starting epoch 138/150
09:53:52    loss: 0.073318  [    0/16980]
09:53:53    loss: 0.081095  [12800/16980]
09:53:53  Starting epoch 139/150
09:53:55    mfm_neg_likelihood=2474.680664  v=0.442076  u=138.340836  r=2335.897705
09:53:55    neg_likelihood: 19112125444.27387
09:53:55    loss: 0.073897  [    0/16980]
09:53:56    loss: 0.080421  [12800/16980]
09:53:56  Starting epoch 140/150
09:53:58    loss: 0.071679  [    0/16980]
09:53:58    loss: 0.081701  [12800/16980]
09:53:59  Starting epoch 141/150
09:54:01    loss: 0.073770  [    0/16980]
09:54:01    loss: 0.078184  [12800/16980]
09:54:01  Starting epoch 142/150
09:54:04    mfm_neg_likelihood=2476.908936  v=0.442535  u=138.298538  r=2338.167969
09:54:04    neg_likelihood: 19149198415.26024
09:54:04    loss: 0.078152  [    0/16980]
09:54:04    loss: 0.079165  [12800/16980]
09:54:04  Starting epoch 143/150
09:54:06    loss: 0.074538  [    0/16980]
09:54:07    loss: 0.080760  [12800/16980]
09:54:07  Starting epoch 144/150
09:54:09    loss: 0.073670  [    0/16980]
09:54:10    loss: 0.079723  [12800/16980]
09:54:10  Starting epoch 145/150
09:54:12    mfm_neg_likelihood=2477.057617  v=0.441013  u=137.941101  r=2338.675537
09:54:12    neg_likelihood: 19194988727.91775
09:54:12    loss: 0.073458  [    0/16980]
09:54:13    loss: 0.080923  [12800/16980]
09:54:13  Starting epoch 146/150
09:54:15    loss: 0.074486  [    0/16980]
09:54:15    loss: 0.080638  [12800/16980]
09:54:16  Starting epoch 147/150
09:54:18    loss: 0.073898  [    0/16980]
09:54:18    loss: 0.080882  [12800/16980]
09:54:18  Starting epoch 148/150
09:54:21    mfm_neg_likelihood=2478.225342  v=0.443103  u=138.169403  r=2339.612793
09:54:21    neg_likelihood: 19196742322.844025
09:54:21    loss: 0.072736  [    0/16980]
09:54:21    loss: 0.078866  [12800/16980]
09:54:21  Starting epoch 149/150
09:54:23    loss: 0.074038  [    0/16980]
09:54:24    loss: 0.081593  [12800/16980]
09:54:24  Starting epoch 150/150
09:54:26    loss: 0.071575  [    0/16980]
09:54:27    loss: 0.082310  [12800/16980]
09:54:29    mfm_neg_likelihood=2479.822021  v=0.444024  u=138.235138  r=2341.142822
09:54:31    mfm_neg_likelihood=2477.273438  v=0.443338  u=138.292587  r=2338.537598
09:54:33    mfm_neg_likelihood=2477.273682  v=0.443348  u=138.294617  r=2338.535645
09:54:33  Saving model to model.pt
09:54:34  Calculating recall@300
recall@300: 0.3063134551048279
